<?xml version="1.0" encoding="UTF-8"?>
<!-- Generated by org.testng.reporters.JUnitXMLReporter -->
<testsuite hostname="set-jaswir.local" ignored="1" name="Command line test" tests="1" failures="1" timestamp="21 Jul 2019 14:12:18 GMT" time="103.063" errors="0">
  <testcase name="login" time="101.804" classname="com.test1.test.steps.HomePageTest">
    <failure type="org.openqa.selenium.TimeoutException" message="Expected condition failed: waiting for presence of element located by: By.xpath: //span[text()=&amp;apos;Log Indddd&amp;apos;] (tried for 40 second(s) with 500 milliseconds interval)">
      <![CDATA[org.openqa.selenium.TimeoutException: Expected condition failed: waiting for presence of element located by: By.xpath: //span[text()='Log Indddd'] (tried for 40 second(s) with 500 milliseconds interval)
at org.openqa.selenium.support.ui.WebDriverWait.timeoutException(WebDriverWait.java:81)
at org.openqa.selenium.support.ui.FluentWait.until(FluentWait.java:271)
at com.test1.test.utils.BasePage.clickOnElement(BasePage.java:49)
at com.test1.test.pageObject.HomePage.clickOnLoginLink(HomePage.java:46)
at com.test1.test.steps.HomePageTest.login(HomePageTest.java:13)
Caused by: org.openqa.selenium.NoSuchElementException: Cannot locate an element using By.xpath: //span[text()='Log Indddd']
For documentation on this error, please visit: http://seleniumhq.org/exceptions/no_such_element.html
Build info: version: '3.12.0', revision: '7c6e0b3', time: '2018-05-08T14:04:26.12Z'
System info: host: 'set-jaswir.local', ip: '192.168.43.62', os.name: 'Mac OS X', os.arch: 'x86_64', os.version: '10.14.1', java.version: '1.8.0_172'
Driver info: driver.version: unknown
at org.openqa.selenium.support.ui.ExpectedConditions.lambda$findElement$0(ExpectedConditions.java:896)
at java.util.Optional.orElseThrow(Optional.java:290)
at org.openqa.selenium.support.ui.ExpectedConditions.findElement(ExpectedConditions.java:895)
at org.openqa.selenium.support.ui.ExpectedConditions.access$000(ExpectedConditions.java:44)
at org.openqa.selenium.support.ui.ExpectedConditions$6.apply(ExpectedConditions.java:183)
at org.openqa.selenium.support.ui.ExpectedConditions$6.apply(ExpectedConditions.java:180)
at org.openqa.selenium.support.ui.FluentWait.until(FluentWait.java:248)
... 37 more
... Removed 34 stack frames]]>
    </failure>
  </testcase> <!-- login -->
  <testcase name="searchFlights" time="0.0" classname="com.test1.test.steps.HomePageTest">
    <ignored/>
  </testcase> <!-- searchFlights -->
</testsuite> <!-- Command line test -->
